# JRE version: Java(TM) SE Runtime Environment (8.0_25-b17) (build 1.8.0_25-b17)
# Java VM: Java HotSpot(TM) 64-Bit Server VM (25.25-b02 mixed mode linux-amd64 compressed oops)
Heap:
 PSYoungGen      total 585728K, used 508176K [0x00000000d5580000, 0x0000000100000000, 0x0000000100000000)
  eden space 509952K, 92% used [0x00000000d5580000,0x00000000f23134a0,0x00000000f4780000)
  from space 75776K, 46% used [0x00000000f4780000,0x00000000f6a30e80,0x00000000f9180000)
  to   space 71680K, 0% used [0x00000000fba00000,0x00000000fba00000,0x0000000100000000)
 ParOldGen       total 301056K, used 146393K [0x0000000080000000, 0x0000000092600000, 0x00000000d5580000)
  object space 301056K, 48% used [0x0000000080000000,0x0000000088ef6418,0x0000000092600000)
 Metaspace       used 90187K, capacity 95682K, committed 95832K, reserved 1132544K
  class space    used 11631K, capacity 13574K, committed 13696K, reserved 1048576K
GC Heap History (10 events):
Event: 21.391 GC heap before
{Heap before GC invocations=8 (full 2):
 PSYoungGen      total 399360K, used 20063K [0x00000000d5580000, 0x00000000f2200000, 0x0000000100000000)
  eden space 353280K, 0% used [0x00000000d5580000,0x00000000d5580000,0x00000000eae80000)
  from space 46080K, 43% used [0x00000000ed980000,0x00000000eed17f08,0x00000000f0680000)
  to   space 44032K, 0% used [0x00000000eae80000,0x00000000eae80000,0x00000000ed980000)
 ParOldGen       total 136704K, used 84209K [0x0000000080000000, 0x0000000088580000, 0x00000000d5580000)
  object space 136704K, 61% used [0x0000000080000000,0x000000008523c448,0x0000000088580000)
 Metaspace       used 32824K, capacity 35308K, committed 35456K, reserved 1081344K
  class space    used 3635K, capacity 4381K, committed 4480K, reserved 1048576K
Event: 21.761 GC heap after
Heap after GC invocations=8 (full 2):
 PSYoungGen      total 399360K, used 0K [0x00000000d5580000, 0x00000000f2200000, 0x0000000100000000)
  eden space 353280K, 0% used [0x00000000d5580000,0x00000000d5580000,0x00000000eae80000)
  from space 46080K, 0% used [0x00000000ed980000,0x00000000ed980000,0x00000000f0680000)
  to   space 44032K, 0% used [0x00000000eae80000,0x00000000eae80000,0x00000000ed980000)
 ParOldGen       total 194048K, used 69898K [0x0000000080000000, 0x000000008bd80000, 0x00000000d5580000)
  object space 194048K, 36% used [0x0000000080000000,0x0000000084442928,0x000000008bd80000)
 Metaspace       used 32824K, capacity 35308K, committed 35456K, reserved 1081344K
  class space    used 3635K, capacity 4381K, committed 4480K, reserved 1048576K
}
Event: 26.538 GC heap before
{Heap before GC invocations=9 (full 2):
 PSYoungGen      total 399360K, used 353280K [0x00000000d5580000, 0x00000000f2200000, 0x0000000100000000)
  eden space 353280K, 100% used [0x00000000d5580000,0x00000000eae80000,0x00000000eae80000)
  from space 46080K, 0% used [0x00000000ed980000,0x00000000ed980000,0x00000000f0680000)
  to   space 44032K, 0% used [0x00000000eae80000,0x00000000eae80000,0x00000000ed980000)
 ParOldGen       total 194048K, used 69898K [0x0000000080000000, 0x000000008bd80000, 0x00000000d5580000)
  object space 194048K, 36% used [0x0000000080000000,0x0000000084442928,0x000000008bd80000)
 Metaspace       used 44414K, capacity 48192K, committed 48384K, reserved 1091584K
  class space    used 5046K, capacity 6358K, committed 6400K, reserved 1048576K
Event: 26.624 GC heap after
Heap after GC invocations=9 (full 2):
 PSYoungGen      total 397312K, used 44011K [0x00000000d5580000, 0x00000000fc880000, 0x0000000100000000)
  eden space 353280K, 0% used [0x00000000d5580000,0x00000000d5580000,0x00000000eae80000)
  from space 44032K, 99% used [0x00000000eae80000,0x00000000ed97af48,0x00000000ed980000)
  to   space 56320K, 0% used [0x00000000f9180000,0x00000000f9180000,0x00000000fc880000)
 ParOldGen       total 194048K, used 79903K [0x0000000080000000, 0x000000008bd80000, 0x00000000d5580000)
  object space 194048K, 41% used [0x0000000080000000,0x0000000084e07c70,0x000000008bd80000)
 Metaspace       used 44414K, capacity 48192K, committed 48384K, reserved 1091584K
  class space    used 5046K, capacity 6358K, committed 6400K, reserved 1048576K
}
Event: 28.687 GC heap before
{Heap before GC invocations=10 (full 2):
 PSYoungGen      total 397312K, used 301401K [0x00000000d5580000, 0x00000000fc880000, 0x0000000100000000)
  eden space 353280K, 72% used [0x00000000d5580000,0x00000000e50db678,0x00000000eae80000)
  from space 44032K, 99% used [0x00000000eae80000,0x00000000ed97af48,0x00000000ed980000)
  to   space 56320K, 0% used [0x00000000f9180000,0x00000000f9180000,0x00000000fc880000)
 ParOldGen       total 194048K, used 79903K [0x0000000080000000, 0x000000008bd80000, 0x00000000d5580000)
  object space 194048K, 41% used [0x0000000080000000,0x0000000084e07c70,0x000000008bd80000)
 Metaspace       used 54975K, capacity 58998K, committed 59096K, reserved 1099776K
  class space    used 6790K, capacity 8179K, committed 8192K, reserved 1048576K
Event: 28.856 GC heap after
Heap after GC invocations=10 (full 2):
 PSYoungGen      total 566272K, used 56304K [0x00000000d5580000, 0x0000000100000000, 0x0000000100000000)
  eden space 509952K, 0% used [0x00000000d5580000,0x00000000d5580000,0x00000000f4780000)
  from space 56320K, 99% used [0x00000000f9180000,0x00000000fc87c368,0x00000000fc880000)
  to   space 75776K, 0% used [0x00000000f4780000,0x00000000f4780000,0x00000000f9180000)
 ParOldGen       total 194048K, used 104175K [0x0000000080000000, 0x000000008bd80000, 0x00000000d5580000)
  object space 194048K, 53% used [0x0000000080000000,0x00000000865bbf50,0x000000008bd80000)
 Metaspace       used 54975K, capacity 58998K, committed 59096K, reserved 1099776K
  class space    used 6790K, capacity 8179K, committed 8192K, reserved 1048576K
}
Event: 28.856 GC heap before
{Heap before GC invocations=11 (full 3):
 PSYoungGen      total 566272K, used 56304K [0x00000000d5580000, 0x0000000100000000, 0x0000000100000000)
  eden space 509952K, 0% used [0x00000000d5580000,0x00000000d5580000,0x00000000f4780000)
  from space 56320K, 99% used [0x00000000f9180000,0x00000000fc87c368,0x00000000fc880000)
  to   space 75776K, 0% used [0x00000000f4780000,0x00000000f4780000,0x00000000f9180000)
 ParOldGen       total 194048K, used 104175K [0x0000000080000000, 0x000000008bd80000, 0x00000000d5580000)
  object space 194048K, 53% used [0x0000000080000000,0x00000000865bbf50,0x000000008bd80000)
 Metaspace       used 54975K, capacity 58998K, committed 59096K, reserved 1099776K
  class space    used 6790K, capacity 8179K, committed 8192K, reserved 1048576K
Event: 29.721 GC heap after
Heap after GC invocations=11 (full 3):
 PSYoungGen      total 566272K, used 0K [0x00000000d5580000, 0x0000000100000000, 0x0000000100000000)
  eden space 509952K, 0% used [0x00000000d5580000,0x00000000d5580000,0x00000000f4780000)
  from space 56320K, 0% used [0x00000000f9180000,0x00000000f9180000,0x00000000fc880000)
  to   space 75776K, 0% used [0x00000000f4780000,0x00000000f4780000,0x00000000f9180000)
 ParOldGen       total 301056K, used 146385K [0x0000000080000000, 0x0000000092600000, 0x00000000d5580000)
  object space 301056K, 48% used [0x0000000080000000,0x0000000088ef4418,0x0000000092600000)
 Metaspace       used 54975K, capacity 58998K, committed 59096K, reserved 1099776K
  class space    used 6790K, capacity 8179K, committed 8192K, reserved 1048576K
}
Event: 33.960 GC heap before
{Heap before GC invocations=12 (full 3):
 PSYoungGen      total 566272K, used 509952K [0x00000000d5580000, 0x0000000100000000, 0x0000000100000000)
  eden space 509952K, 100% used [0x00000000d5580000,0x00000000f4780000,0x00000000f4780000)
  from space 56320K, 0% used [0x00000000f9180000,0x00000000f9180000,0x00000000fc880000)
  to   space 75776K, 0% used [0x00000000f4780000,0x00000000f4780000,0x00000000f9180000)
 ParOldGen       total 301056K, used 146385K [0x0000000080000000, 0x0000000092600000, 0x00000000d5580000)
  object space 301056K, 48% used [0x0000000080000000,0x0000000088ef4418,0x0000000092600000)
 Metaspace       used 70677K, capacity 74966K, committed 75224K, reserved 1114112K
  class space    used 9120K, capacity 10668K, committed 10752K, reserved 1048576K
Event: 34.031 GC heap after
Heap after GC invocations=12 (full 3):
 PSYoungGen      total 585728K, used 35523K [0x00000000d5580000, 0x0000000100000000, 0x0000000100000000)
  eden space 509952K, 0% used [0x00000000d5580000,0x00000000d5580000,0x00000000f4780000)
  from space 75776K, 46% used [0x00000000f4780000,0x00000000f6a30e80,0x00000000f9180000)
  to   space 71680K, 0% used [0x00000000fba00000,0x00000000fba00000,0x0000000100000000)
 ParOldGen       total 301056K, used 146393K [0x0000000080000000, 0x0000000092600000, 0x00000000d5580000)
  object space 301056K, 48% used [0x0000000080000000,0x0000000088ef6418,0x0000000092600000)
 Metaspace       used 70677K, capacity 74966K, committed 75224K, reserved 1114112K
  class space    used 9120K, capacity 10668K, committed 10752K, reserved 1048576K
}

