# JRE version: Java(TM) SE Runtime Environment (8.0_25-b17) (build 1.8.0_25-b17)
# Java VM: Java HotSpot(TM) 64-Bit Server VM (25.25-b02 mixed mode linux-amd64 compressed oops)
Heap:
 PSYoungGen      total 70656K, used 55396K [0x00000000d6500000, 0x00000000daf00000, 0x0000000100000000)
  eden space 65536K, 76% used [0x00000000d6500000,0x00000000d9619790,0x00000000da500000)
  from space 5120K, 99% used [0x00000000daa00000,0x00000000daeffb78,0x00000000daf00000)
  to   space 5120K, 0% used [0x00000000da500000,0x00000000da500000,0x00000000daa00000)
 ParOldGen       total 86016K, used 51745K [0x0000000082e00000, 0x0000000088200000, 0x00000000d6500000)
  object space 86016K, 60% used [0x0000000082e00000,0x0000000086088530,0x0000000088200000)
 Metaspace       used 5306K, capacity 5344K, committed 5504K, reserved 1056768K
  class space    used 580K, capacity 592K, committed 640K, reserved 1048576K
GC Heap History (4 events):
Event: 1.445 GC heap before
{Heap before GC invocations=1 (full 0):
 PSYoungGen      total 37888K, used 32768K [0x00000000d6500000, 0x00000000d8f00000, 0x0000000100000000)
  eden space 32768K, 100% used [0x00000000d6500000,0x00000000d8500000,0x00000000d8500000)
  from space 5120K, 0% used [0x00000000d8a00000,0x00000000d8a00000,0x00000000d8f00000)
  to   space 5120K, 0% used [0x00000000d8500000,0x00000000d8500000,0x00000000d8a00000)
 ParOldGen       total 86016K, used 0K [0x0000000082e00000, 0x0000000088200000, 0x00000000d6500000)
  object space 86016K, 0% used [0x0000000082e00000,0x0000000082e00000,0x0000000088200000)
 Metaspace       used 5273K, capacity 5344K, committed 5504K, reserved 1056768K
  class space    used 578K, capacity 592K, committed 640K, reserved 1048576K
Event: 1.517 GC heap after
Heap after GC invocations=1 (full 0):
 PSYoungGen      total 37888K, used 5105K [0x00000000d6500000, 0x00000000daf00000, 0x0000000100000000)
  eden space 32768K, 0% used [0x00000000d6500000,0x00000000d6500000,0x00000000d8500000)
  from space 5120K, 99% used [0x00000000d8500000,0x00000000d89fc538,0x00000000d8a00000)
  to   space 5120K, 0% used [0x00000000daa00000,0x00000000daa00000,0x00000000daf00000)
 ParOldGen       total 86016K, used 21041K [0x0000000082e00000, 0x0000000088200000, 0x00000000d6500000)
  object space 86016K, 24% used [0x0000000082e00000,0x000000008428c530,0x0000000088200000)
 Metaspace       used 5273K, capacity 5344K, committed 5504K, reserved 1056768K
  class space    used 578K, capacity 592K, committed 640K, reserved 1048576K
}
Event: 1.865 GC heap before
{Heap before GC invocations=2 (full 0):
 PSYoungGen      total 37888K, used 37873K [0x00000000d6500000, 0x00000000daf00000, 0x0000000100000000)
  eden space 32768K, 100% used [0x00000000d6500000,0x00000000d8500000,0x00000000d8500000)
  from space 5120K, 99% used [0x00000000d8500000,0x00000000d89fc538,0x00000000d8a00000)
  to   space 5120K, 0% used [0x00000000daa00000,0x00000000daa00000,0x00000000daf00000)
 ParOldGen       total 86016K, used 21041K [0x0000000082e00000, 0x0000000088200000, 0x00000000d6500000)
  object space 86016K, 24% used [0x0000000082e00000,0x000000008428c530,0x0000000088200000)
 Metaspace       used 5279K, capacity 5344K, committed 5504K, reserved 1056768K
  class space    used 579K, capacity 592K, committed 640K, reserved 1048576K
Event: 1.979 GC heap after
Heap after GC invocations=2 (full 0):
 PSYoungGen      total 70656K, used 5118K [0x00000000d6500000, 0x00000000daf00000, 0x0000000100000000)
  eden space 65536K, 0% used [0x00000000d6500000,0x00000000d6500000,0x00000000da500000)
  from space 5120K, 99% used [0x00000000daa00000,0x00000000daeffb78,0x00000000daf00000)
  to   space 5120K, 0% used [0x00000000da500000,0x00000000da500000,0x00000000daa00000)
 ParOldGen       total 86016K, used 51745K [0x0000000082e00000, 0x0000000088200000, 0x00000000d6500000)
  object space 86016K, 60% used [0x0000000082e00000,0x0000000086088530,0x0000000088200000)
 Metaspace       used 5279K, capacity 5344K, committed 5504K, reserved 1056768K
  class space    used 579K, capacity 592K, committed 640K, reserved 1048576K
}

