# JRE version: Java(TM) SE Runtime Environment (8.0_25-b17) (build 1.8.0_25-b17)
# Java VM: Java HotSpot(TM) 64-Bit Server VM (25.25-b02 mixed mode linux-amd64 compressed oops)
Heap:
 PSYoungGen      total 248832K, used 27549K [0x00000000d6500000, 0x00000000ef480000, 0x0000000100000000)
  eden space 191488K, 2% used [0x00000000d6500000,0x00000000d6961be8,0x00000000e2000000)
  from space 57344K, 40% used [0x00000000e2000000,0x00000000e3685a40,0x00000000e5800000)
  to   space 53760K, 0% used [0x00000000ec000000,0x00000000ec000000,0x00000000ef480000)
 ParOldGen       total 188928K, used 115308K [0x0000000082e00000, 0x000000008e680000, 0x00000000d6500000)
  object space 188928K, 61% used [0x0000000082e00000,0x0000000089e9b078,0x000000008e680000)
 Metaspace       used 12913K, capacity 13032K, committed 13312K, reserved 1060864K
  class space    used 1457K, capacity 1496K, committed 1536K, reserved 1048576K
GC Heap History (10 events):
Event: 15.905 GC heap before
{Heap before GC invocations=4 (full 1):
 PSYoungGen      total 70656K, used 5104K [0x00000000d6500000, 0x00000000def00000, 0x0000000100000000)
  eden space 65536K, 0% used [0x00000000d6500000,0x00000000d6500000,0x00000000da500000)
  from space 5120K, 99% used [0x00000000da500000,0x00000000da9fc2c0,0x00000000daa00000)
  to   space 5120K, 0% used [0x00000000dea00000,0x00000000dea00000,0x00000000def00000)
 ParOldGen       total 98304K, used 97774K [0x0000000082e00000, 0x0000000088e00000, 0x00000000d6500000)
  object space 98304K, 99% used [0x0000000082e00000,0x0000000088d7bb68,0x0000000088e00000)
 Metaspace       used 5312K, capacity 5344K, committed 5504K, reserved 1056768K
  class space    used 581K, capacity 592K, committed 640K, reserved 1048576K
Event: 16.419 GC heap after
Heap after GC invocations=4 (full 1):
 PSYoungGen      total 70656K, used 5098K [0x00000000d6500000, 0x00000000def00000, 0x0000000100000000)
  eden space 65536K, 0% used [0x00000000d6500000,0x00000000d6500000,0x00000000da500000)
  from space 5120K, 99% used [0x00000000da500000,0x00000000da9fa900,0x00000000daa00000)
  to   space 5120K, 0% used [0x00000000dea00000,0x00000000dea00000,0x00000000def00000)
 ParOldGen       total 188928K, used 96336K [0x0000000082e00000, 0x000000008e680000, 0x00000000d6500000)
  object space 188928K, 50% used [0x0000000082e00000,0x0000000088c14018,0x000000008e680000)
 Metaspace       used 5312K, capacity 5344K, committed 5504K, reserved 1056768K
  class space    used 581K, capacity 592K, committed 640K, reserved 1048576K
}
Event: 16.972 GC heap before
{Heap before GC invocations=5 (full 1):
 PSYoungGen      total 70656K, used 70634K [0x00000000d6500000, 0x00000000def00000, 0x0000000100000000)
  eden space 65536K, 100% used [0x00000000d6500000,0x00000000da500000,0x00000000da500000)
  from space 5120K, 99% used [0x00000000da500000,0x00000000da9fa900,0x00000000daa00000)
  to   space 5120K, 0% used [0x00000000dea00000,0x00000000dea00000,0x00000000def00000)
 ParOldGen       total 188928K, used 96336K [0x0000000082e00000, 0x000000008e680000, 0x00000000d6500000)
  object space 188928K, 50% used [0x0000000082e00000,0x0000000088c14018,0x000000008e680000)
 Metaspace       used 5316K, capacity 5344K, committed 5504K, reserved 1056768K
  class space    used 581K, capacity 592K, committed 640K, reserved 1048576K
Event: 17.019 GC heap after
Heap after GC invocations=5 (full 1):
 PSYoungGen      total 117760K, used 5115K [0x00000000d6500000, 0x00000000def00000, 0x0000000100000000)
  eden space 112640K, 0% used [0x00000000d6500000,0x00000000d6500000,0x00000000dd300000)
  from space 5120K, 99% used [0x00000000dea00000,0x00000000deefee20,0x00000000def00000)
  to   space 5120K, 0% used [0x00000000de500000,0x00000000de500000,0x00000000dea00000)
 ParOldGen       total 188928K, used 102472K [0x0000000082e00000, 0x000000008e680000, 0x00000000d6500000)
  object space 188928K, 54% used [0x0000000082e00000,0x0000000089212018,0x000000008e680000)
 Metaspace       used 5316K, capacity 5344K, committed 5504K, reserved 1056768K
  class space    used 581K, capacity 592K, committed 640K, reserved 1048576K
}
Event: 18.027 GC heap before
{Heap before GC invocations=6 (full 1):
 PSYoungGen      total 117760K, used 117755K [0x00000000d6500000, 0x00000000def00000, 0x0000000100000000)
  eden space 112640K, 100% used [0x00000000d6500000,0x00000000dd300000,0x00000000dd300000)
  from space 5120K, 99% used [0x00000000dea00000,0x00000000deefee20,0x00000000def00000)
  to   space 5120K, 0% used [0x00000000de500000,0x00000000de500000,0x00000000dea00000)
 ParOldGen       total 188928K, used 102472K [0x0000000082e00000, 0x000000008e680000, 0x00000000d6500000)
  object space 188928K, 54% used [0x0000000082e00000,0x0000000089212018,0x000000008e680000)
 Metaspace       used 5316K, capacity 5344K, committed 5504K, reserved 1056768K
  class space    used 581K, capacity 592K, committed 640K, reserved 1048576K
Event: 18.078 GC heap after
Heap after GC invocations=6 (full 1):
 PSYoungGen      total 136192K, used 5093K [0x00000000d6500000, 0x00000000e9080000, 0x0000000100000000)
  eden space 131072K, 0% used [0x00000000d6500000,0x00000000d6500000,0x00000000de500000)
  from space 5120K, 99% used [0x00000000de500000,0x00000000de9f95f8,0x00000000dea00000)
  to   space 57856K, 0% used [0x00000000e5800000,0x00000000e5800000,0x00000000e9080000)
 ParOldGen       total 188928K, used 114432K [0x0000000082e00000, 0x000000008e680000, 0x00000000d6500000)
  object space 188928K, 60% used [0x0000000082e00000,0x0000000089dc0018,0x000000008e680000)
 Metaspace       used 5316K, capacity 5344K, committed 5504K, reserved 1056768K
  class space    used 581K, capacity 592K, committed 640K, reserved 1048576K
}
Event: 21.393 GC heap before
{Heap before GC invocations=7 (full 1):
 PSYoungGen      total 136192K, used 136165K [0x00000000d6500000, 0x00000000e9080000, 0x0000000100000000)
  eden space 131072K, 100% used [0x00000000d6500000,0x00000000de500000,0x00000000de500000)
  from space 5120K, 99% used [0x00000000de500000,0x00000000de9f95f8,0x00000000dea00000)
  to   space 57856K, 0% used [0x00000000e5800000,0x00000000e5800000,0x00000000e9080000)
 ParOldGen       total 188928K, used 114432K [0x0000000082e00000, 0x000000008e680000, 0x00000000d6500000)
  object space 188928K, 60% used [0x0000000082e00000,0x0000000089dc0018,0x000000008e680000)
 Metaspace       used 10432K, capacity 10568K, committed 10752K, reserved 1058816K
  class space    used 1214K, capacity 1272K, committed 1280K, reserved 1048576K
Event: 21.429 GC heap after
Heap after GC invocations=7 (full 1):
 PSYoungGen      total 249344K, used 11086K [0x00000000d6500000, 0x00000000ea780000, 0x0000000100000000)
  eden space 191488K, 0% used [0x00000000d6500000,0x00000000d6500000,0x00000000e2000000)
  from space 57856K, 19% used [0x00000000e5800000,0x00000000e62d39d8,0x00000000e9080000)
  to   space 57344K, 0% used [0x00000000e2000000,0x00000000e2000000,0x00000000e5800000)
 ParOldGen       total 188928K, used 114440K [0x0000000082e00000, 0x000000008e680000, 0x00000000d6500000)
  object space 188928K, 60% used [0x0000000082e00000,0x0000000089dc2018,0x000000008e680000)
 Metaspace       used 10432K, capacity 10568K, committed 10752K, reserved 1058816K
  class space    used 1214K, capacity 1272K, committed 1280K, reserved 1048576K
}
Event: 103.049 GC heap before
{Heap before GC invocations=8 (full 1):
 PSYoungGen      total 249344K, used 202574K [0x00000000d6500000, 0x00000000ea780000, 0x0000000100000000)
  eden space 191488K, 100% used [0x00000000d6500000,0x00000000e2000000,0x00000000e2000000)
  from space 57856K, 19% used [0x00000000e5800000,0x00000000e62d39d8,0x00000000e9080000)
  to   space 57344K, 0% used [0x00000000e2000000,0x00000000e2000000,0x00000000e5800000)
 ParOldGen       total 188928K, used 114440K [0x0000000082e00000, 0x000000008e680000, 0x00000000d6500000)
  object space 188928K, 60% used [0x0000000082e00000,0x0000000089dc2018,0x000000008e680000)
 Metaspace       used 12867K, capacity 12968K, committed 13056K, reserved 1060864K
  class space    used 1457K, capacity 1496K, committed 1536K, reserved 1048576K
Event: 103.145 GC heap after
Heap after GC invocations=8 (full 1):
 PSYoungGen      total 248832K, used 23062K [0x00000000d6500000, 0x00000000ef480000, 0x0000000100000000)
  eden space 191488K, 0% used [0x00000000d6500000,0x00000000d6500000,0x00000000e2000000)
  from space 57344K, 40% used [0x00000000e2000000,0x00000000e3685a40,0x00000000e5800000)
  to   space 53760K, 0% used [0x00000000ec000000,0x00000000ec000000,0x00000000ef480000)
 ParOldGen       total 188928K, used 115308K [0x0000000082e00000, 0x000000008e680000, 0x00000000d6500000)
  object space 188928K, 61% used [0x0000000082e00000,0x0000000089e9b078,0x000000008e680000)
 Metaspace       used 12867K, capacity 12968K, committed 13056K, reserved 1060864K
  class space    used 1457K, capacity 1496K, committed 1536K, reserved 1048576K
}

