# JRE version: Java(TM) SE Runtime Environment (8.0_25-b17) (build 1.8.0_25-b17)
# Java VM: Java HotSpot(TM) 64-Bit Server VM (25.25-b02 mixed mode linux-amd64 compressed oops)
Heap:
 PSYoungGen      total 603648K, used 9347K [0x00000000d5580000, 0x00000000fd300000, 0x0000000100000000)
  eden space 562688K, 1% used [0x00000000d5580000,0x00000000d5ea0c38,0x00000000f7b00000)
  from space 40960K, 0% used [0x00000000fab00000,0x00000000fab00000,0x00000000fd300000)
  to   space 45056K, 0% used [0x00000000f7b00000,0x00000000f7b00000,0x00000000fa700000)
 ParOldGen       total 379904K, used 235391K [0x0000000080000000, 0x0000000097300000, 0x00000000d5580000)
  object space 379904K, 61% used [0x0000000080000000,0x000000008e5dffc8,0x0000000097300000)
 Metaspace       used 119341K, capacity 125760K, committed 125952K, reserved 1159168K
  class space    used 14113K, capacity 16127K, committed 16128K, reserved 1048576K
GC Heap History (10 events):
Event: 968.973 GC heap before
{Heap before GC invocations=45 (full 17):
 PSYoungGen      total 611328K, used 512K [0x00000000d5580000, 0x00000000fdf00000, 0x0000000100000000)
  eden space 562688K, 0% used [0x00000000d5580000,0x00000000d5580000,0x00000000f7b00000)
  from space 48640K, 1% used [0x00000000faf80000,0x00000000fb000000,0x00000000fdf00000)
  to   space 51200K, 0% used [0x00000000f7b00000,0x00000000f7b00000,0x00000000fad00000)
 ParOldGen       total 379904K, used 233605K [0x0000000080000000, 0x0000000097300000, 0x00000000d5580000)
  object space 379904K, 61% used [0x0000000080000000,0x000000008e421500,0x0000000097300000)
 Metaspace       used 117888K, capacity 124346K, committed 124672K, reserved 1157120K
  class space    used 14045K, capacity 16048K, committed 16128K, reserved 1048576K
Event: 969.598 GC heap after
Heap after GC invocations=45 (full 17):
 PSYoungGen      total 611328K, used 0K [0x00000000d5580000, 0x00000000fdf00000, 0x0000000100000000)
  eden space 562688K, 0% used [0x00000000d5580000,0x00000000d5580000,0x00000000f7b00000)
  from space 48640K, 0% used [0x00000000faf80000,0x00000000faf80000,0x00000000fdf00000)
  to   space 51200K, 0% used [0x00000000f7b00000,0x00000000f7b00000,0x00000000fad00000)
 ParOldGen       total 379904K, used 233755K [0x0000000080000000, 0x0000000097300000, 0x00000000d5580000)
  object space 379904K, 61% used [0x0000000080000000,0x000000008e446dd0,0x0000000097300000)
 Metaspace       used 117888K, capacity 124346K, committed 124672K, reserved 1157120K
  class space    used 14045K, capacity 16048K, committed 16128K, reserved 1048576K
}
Event: 1033.680 GC heap before
{Heap before GC invocations=46 (full 17):
 PSYoungGen      total 611328K, used 10829K [0x00000000d5580000, 0x00000000fdf00000, 0x0000000100000000)
  eden space 562688K, 1% used [0x00000000d5580000,0x00000000d6013718,0x00000000f7b00000)
  from space 48640K, 0% used [0x00000000faf80000,0x00000000faf80000,0x00000000fdf00000)
  to   space 51200K, 0% used [0x00000000f7b00000,0x00000000f7b00000,0x00000000fad00000)
 ParOldGen       total 379904K, used 233755K [0x0000000080000000, 0x0000000097300000, 0x00000000d5580000)
  object space 379904K, 61% used [0x0000000080000000,0x000000008e446dd0,0x0000000097300000)
 Metaspace       used 117919K, capacity 124474K, committed 124672K, reserved 1157120K
  class space    used 14045K, capacity 16048K, committed 16128K, reserved 1048576K
Event: 1033.686 GC heap after
Heap after GC invocations=46 (full 17):
 PSYoungGen      total 563200K, used 96K [0x00000000d5580000, 0x00000000fdb00000, 0x0000000100000000)
  eden space 562688K, 0% used [0x00000000d5580000,0x00000000d5580000,0x00000000f7b00000)
  from space 512K, 18% used [0x00000000f7b00000,0x00000000f7b18000,0x00000000f7b80000)
  to   space 49152K, 0% used [0x00000000fab00000,0x00000000fab00000,0x00000000fdb00000)
 ParOldGen       total 379904K, used 233763K [0x0000000080000000, 0x0000000097300000, 0x00000000d5580000)
  object space 379904K, 61% used [0x0000000080000000,0x000000008e448dd0,0x0000000097300000)
 Metaspace       used 117919K, capacity 124474K, committed 124672K, reserved 1157120K
  class space    used 14045K, capacity 16048K, committed 16128K, reserved 1048576K
}
Event: 1033.686 GC heap before
{Heap before GC invocations=47 (full 18):
 PSYoungGen      total 563200K, used 96K [0x00000000d5580000, 0x00000000fdb00000, 0x0000000100000000)
  eden space 562688K, 0% used [0x00000000d5580000,0x00000000d5580000,0x00000000f7b00000)
  from space 512K, 18% used [0x00000000f7b00000,0x00000000f7b18000,0x00000000f7b80000)
  to   space 49152K, 0% used [0x00000000fab00000,0x00000000fab00000,0x00000000fdb00000)
 ParOldGen       total 379904K, used 233763K [0x0000000080000000, 0x0000000097300000, 0x00000000d5580000)
  object space 379904K, 61% used [0x0000000080000000,0x000000008e448dd0,0x0000000097300000)
 Metaspace       used 117919K, capacity 124474K, committed 124672K, reserved 1157120K
  class space    used 14045K, capacity 16048K, committed 16128K, reserved 1048576K
Event: 1034.300 GC heap after
Heap after GC invocations=47 (full 18):
 PSYoungGen      total 563200K, used 0K [0x00000000d5580000, 0x00000000fdb00000, 0x0000000100000000)
  eden space 562688K, 0% used [0x00000000d5580000,0x00000000d5580000,0x00000000f7b00000)
  from space 512K, 0% used [0x00000000f7b00000,0x00000000f7b00000,0x00000000f7b80000)
  to   space 49152K, 0% used [0x00000000fab00000,0x00000000fab00000,0x00000000fdb00000)
 ParOldGen       total 379904K, used 233611K [0x0000000080000000, 0x0000000097300000, 0x00000000d5580000)
  object space 379904K, 61% used [0x0000000080000000,0x000000008e422d10,0x0000000097300000)
 Metaspace       used 117919K, capacity 124474K, committed 124672K, reserved 1157120K
  class space    used 14045K, capacity 16048K, committed 16128K, reserved 1048576K
}
Event: 1156.643 GC heap before
{Heap before GC invocations=48 (full 18):
 PSYoungGen      total 563200K, used 440321K [0x00000000d5580000, 0x00000000fdb00000, 0x0000000100000000)
  eden space 562688K, 78% used [0x00000000d5580000,0x00000000f0380450,0x00000000f7b00000)
  from space 512K, 0% used [0x00000000f7b00000,0x00000000f7b00000,0x00000000f7b80000)
  to   space 49152K, 0% used [0x00000000fab00000,0x00000000fab00000,0x00000000fdb00000)
 ParOldGen       total 379904K, used 233611K [0x0000000080000000, 0x0000000097300000, 0x00000000d5580000)
  object space 379904K, 61% used [0x0000000080000000,0x000000008e422d10,0x0000000097300000)
 Metaspace       used 119329K, capacity 125760K, committed 125952K, reserved 1159168K
  class space    used 14113K, capacity 16127K, committed 16128K, reserved 1048576K
Event: 1156.669 GC heap after
Heap after GC invocations=48 (full 18):
 PSYoungGen      total 603648K, used 9067K [0x00000000d5580000, 0x00000000fd300000, 0x0000000100000000)
  eden space 562688K, 0% used [0x00000000d5580000,0x00000000d5580000,0x00000000f7b00000)
  from space 40960K, 22% used [0x00000000fab00000,0x00000000fb3dad18,0x00000000fd300000)
  to   space 45056K, 0% used [0x00000000f7b00000,0x00000000f7b00000,0x00000000fa700000)
 ParOldGen       total 379904K, used 233619K [0x0000000080000000, 0x0000000097300000, 0x00000000d5580000)
  object space 379904K, 61% used [0x0000000080000000,0x000000008e424d10,0x0000000097300000)
 Metaspace       used 119329K, capacity 125760K, committed 125952K, reserved 1159168K
  class space    used 14113K, capacity 16127K, committed 16128K, reserved 1048576K
}
Event: 1156.669 GC heap before
{Heap before GC invocations=49 (full 19):
 PSYoungGen      total 603648K, used 9067K [0x00000000d5580000, 0x00000000fd300000, 0x0000000100000000)
  eden space 562688K, 0% used [0x00000000d5580000,0x00000000d5580000,0x00000000f7b00000)
  from space 40960K, 22% used [0x00000000fab00000,0x00000000fb3dad18,0x00000000fd300000)
  to   space 45056K, 0% used [0x00000000f7b00000,0x00000000f7b00000,0x00000000fa700000)
 ParOldGen       total 379904K, used 233619K [0x0000000080000000, 0x0000000097300000, 0x00000000d5580000)
  object space 379904K, 61% used [0x0000000080000000,0x000000008e424d10,0x0000000097300000)
 Metaspace       used 119329K, capacity 125760K, committed 125952K, reserved 1159168K
  class space    used 14113K, capacity 16127K, committed 16128K, reserved 1048576K
Event: 1157.707 GC heap after
Heap after GC invocations=49 (full 19):
 PSYoungGen      total 603648K, used 0K [0x00000000d5580000, 0x00000000fd300000, 0x0000000100000000)
  eden space 562688K, 0% used [0x00000000d5580000,0x00000000d5580000,0x00000000f7b00000)
  from space 40960K, 0% used [0x00000000fab00000,0x00000000fab00000,0x00000000fd300000)
  to   space 45056K, 0% used [0x00000000f7b00000,0x00000000f7b00000,0x00000000fa700000)
 ParOldGen       total 379904K, used 235391K [0x0000000080000000, 0x0000000097300000, 0x00000000d5580000)
  object space 379904K, 61% used [0x0000000080000000,0x000000008e5dffc8,0x0000000097300000)
 Metaspace       used 119329K, capacity 125760K, committed 125952K, reserved 1159168K
  class space    used 14113K, capacity 16127K, committed 16128K, reserved 1048576K
}

