# JRE version: Java(TM) SE Runtime Environment (8.0_25-b17) (build 1.8.0_25-b17)
# Java VM: Java HotSpot(TM) 64-Bit Server VM (25.25-b02 mixed mode linux-amd64 compressed oops)
Heap:
 PSYoungGen      total 246272K, used 161146K [0x00000000d6500000, 0x00000000f1c00000, 0x0000000100000000)
  eden space 177664K, 52% used [0x00000000d6500000,0x00000000dbf65190,0x00000000e1280000)
  from space 68608K, 99% used [0x00000000e1280000,0x00000000e5579838,0x00000000e5580000)
  to   space 81920K, 0% used [0x00000000ecc00000,0x00000000ecc00000,0x00000000f1c00000)
 ParOldGen       total 189440K, used 115320K [0x0000000082e00000, 0x000000008e700000, 0x00000000d6500000)
  object space 189440K, 60% used [0x0000000082e00000,0x0000000089e9e0f0,0x000000008e700000)
 Metaspace       used 12772K, capacity 12904K, committed 13056K, reserved 1060864K
  class space    used 1453K, capacity 1496K, committed 1536K, reserved 1048576K
GC Heap History (10 events):
Event: 17.841 GC heap before
{Heap before GC invocations=4 (full 1):
 PSYoungGen      total 70656K, used 5088K [0x00000000d6500000, 0x00000000def00000, 0x0000000100000000)
  eden space 65536K, 0% used [0x00000000d6500000,0x00000000d6500000,0x00000000da500000)
  from space 5120K, 99% used [0x00000000da500000,0x00000000da9f82d0,0x00000000daa00000)
  to   space 5120K, 0% used [0x00000000dea00000,0x00000000dea00000,0x00000000def00000)
 ParOldGen       total 98304K, used 97792K [0x0000000082e00000, 0x0000000088e00000, 0x00000000d6500000)
  object space 98304K, 99% used [0x0000000082e00000,0x0000000088d80088,0x0000000088e00000)
 Metaspace       used 5314K, capacity 5344K, committed 5504K, reserved 1056768K
  class space    used 580K, capacity 592K, committed 640K, reserved 1048576K
Event: 18.484 GC heap after
Heap after GC invocations=4 (full 1):
 PSYoungGen      total 70656K, used 5086K [0x00000000d6500000, 0x00000000def00000, 0x0000000100000000)
  eden space 65536K, 0% used [0x00000000d6500000,0x00000000d6500000,0x00000000da500000)
  from space 5120K, 99% used [0x00000000da500000,0x00000000da9f79d8,0x00000000daa00000)
  to   space 5120K, 0% used [0x00000000dea00000,0x00000000dea00000,0x00000000def00000)
 ParOldGen       total 189440K, used 96347K [0x0000000082e00000, 0x000000008e700000, 0x00000000d6500000)
  object space 189440K, 50% used [0x0000000082e00000,0x0000000088c16e88,0x000000008e700000)
 Metaspace       used 5314K, capacity 5344K, committed 5504K, reserved 1056768K
  class space    used 580K, capacity 592K, committed 640K, reserved 1048576K
}
Event: 19.101 GC heap before
{Heap before GC invocations=5 (full 1):
 PSYoungGen      total 70656K, used 70622K [0x00000000d6500000, 0x00000000def00000, 0x0000000100000000)
  eden space 65536K, 100% used [0x00000000d6500000,0x00000000da500000,0x00000000da500000)
  from space 5120K, 99% used [0x00000000da500000,0x00000000da9f79d8,0x00000000daa00000)
  to   space 5120K, 0% used [0x00000000dea00000,0x00000000dea00000,0x00000000def00000)
 ParOldGen       total 189440K, used 96347K [0x0000000082e00000, 0x000000008e700000, 0x00000000d6500000)
  object space 189440K, 50% used [0x0000000082e00000,0x0000000088c16e88,0x000000008e700000)
 Metaspace       used 5318K, capacity 5344K, committed 5504K, reserved 1056768K
  class space    used 580K, capacity 592K, committed 640K, reserved 1048576K
Event: 19.152 GC heap after
Heap after GC invocations=5 (full 1):
 PSYoungGen      total 116736K, used 5099K [0x00000000d6500000, 0x00000000def00000, 0x0000000100000000)
  eden space 111616K, 0% used [0x00000000d6500000,0x00000000d6500000,0x00000000dd200000)
  from space 5120K, 99% used [0x00000000dea00000,0x00000000deefae30,0x00000000def00000)
  to   space 5120K, 0% used [0x00000000de500000,0x00000000de500000,0x00000000dea00000)
 ParOldGen       total 189440K, used 102379K [0x0000000082e00000, 0x000000008e700000, 0x00000000d6500000)
  object space 189440K, 54% used [0x0000000082e00000,0x00000000891fae88,0x000000008e700000)
 Metaspace       used 5318K, capacity 5344K, committed 5504K, reserved 1056768K
  class space    used 580K, capacity 592K, committed 640K, reserved 1048576K
}
Event: 19.992 GC heap before
{Heap before GC invocations=6 (full 1):
 PSYoungGen      total 116736K, used 116715K [0x00000000d6500000, 0x00000000def00000, 0x0000000100000000)
  eden space 111616K, 100% used [0x00000000d6500000,0x00000000dd200000,0x00000000dd200000)
  from space 5120K, 99% used [0x00000000dea00000,0x00000000deefae30,0x00000000def00000)
  to   space 5120K, 0% used [0x00000000de500000,0x00000000de500000,0x00000000dea00000)
 ParOldGen       total 189440K, used 102379K [0x0000000082e00000, 0x000000008e700000, 0x00000000d6500000)
  object space 189440K, 54% used [0x0000000082e00000,0x00000000891fae88,0x000000008e700000)
 Metaspace       used 5318K, capacity 5344K, committed 5504K, reserved 1056768K
  class space    used 580K, capacity 592K, committed 640K, reserved 1048576K
Event: 20.048 GC heap after
Heap after GC invocations=6 (full 1):
 PSYoungGen      total 136192K, used 5100K [0x00000000d6500000, 0x00000000e8e00000, 0x0000000100000000)
  eden space 131072K, 0% used [0x00000000d6500000,0x00000000d6500000,0x00000000de500000)
  from space 5120K, 99% used [0x00000000de500000,0x00000000de9fb190,0x00000000dea00000)
  to   space 57856K, 0% used [0x00000000e5580000,0x00000000e5580000,0x00000000e8e00000)
 ParOldGen       total 189440K, used 114251K [0x0000000082e00000, 0x000000008e700000, 0x00000000d6500000)
  object space 189440K, 60% used [0x0000000082e00000,0x0000000089d92e88,0x000000008e700000)
 Metaspace       used 5318K, capacity 5344K, committed 5504K, reserved 1056768K
  class space    used 580K, capacity 592K, committed 640K, reserved 1048576K
}
Event: 22.178 GC heap before
{Heap before GC invocations=7 (full 1):
 PSYoungGen      total 136192K, used 136172K [0x00000000d6500000, 0x00000000e8e00000, 0x0000000100000000)
  eden space 131072K, 100% used [0x00000000d6500000,0x00000000de500000,0x00000000de500000)
  from space 5120K, 99% used [0x00000000de500000,0x00000000de9fb190,0x00000000dea00000)
  to   space 57856K, 0% used [0x00000000e5580000,0x00000000e5580000,0x00000000e8e00000)
 ParOldGen       total 189440K, used 114251K [0x0000000082e00000, 0x000000008e700000, 0x00000000d6500000)
  object space 189440K, 60% used [0x0000000082e00000,0x0000000089d92e88,0x000000008e700000)
 Metaspace       used 5945K, capacity 6032K, committed 6144K, reserved 1056768K
  class space    used 654K, capacity 688K, committed 768K, reserved 1048576K
Event: 22.308 GC heap after
Heap after GC invocations=7 (full 1):
 PSYoungGen      total 235520K, used 55126K [0x00000000d6500000, 0x00000000ec100000, 0x0000000100000000)
  eden space 177664K, 0% used [0x00000000d6500000,0x00000000d6500000,0x00000000e1280000)
  from space 57856K, 95% used [0x00000000e5580000,0x00000000e8b55b68,0x00000000e8e00000)
  to   space 68608K, 0% used [0x00000000e1280000,0x00000000e1280000,0x00000000e5580000)
 ParOldGen       total 189440K, used 114251K [0x0000000082e00000, 0x000000008e700000, 0x00000000d6500000)
  object space 189440K, 60% used [0x0000000082e00000,0x0000000089d92e88,0x000000008e700000)
 Metaspace       used 5945K, capacity 6032K, committed 6144K, reserved 1056768K
  class space    used 654K, capacity 688K, committed 768K, reserved 1048576K
}
Event: 103.065 GC heap before
{Heap before GC invocations=8 (full 1):
 PSYoungGen      total 235520K, used 232790K [0x00000000d6500000, 0x00000000ec100000, 0x0000000100000000)
  eden space 177664K, 100% used [0x00000000d6500000,0x00000000e1280000,0x00000000e1280000)
  from space 57856K, 95% used [0x00000000e5580000,0x00000000e8b55b68,0x00000000e8e00000)
  to   space 68608K, 0% used [0x00000000e1280000,0x00000000e1280000,0x00000000e5580000)
 ParOldGen       total 189440K, used 114251K [0x0000000082e00000, 0x000000008e700000, 0x00000000d6500000)
  object space 189440K, 60% used [0x0000000082e00000,0x0000000089d92e88,0x000000008e700000)
 Metaspace       used 12673K, capacity 12776K, committed 13056K, reserved 1060864K
  class space    used 1453K, capacity 1496K, committed 1536K, reserved 1048576K
Event: 103.253 GC heap after
Heap after GC invocations=8 (full 1):
 PSYoungGen      total 246272K, used 68582K [0x00000000d6500000, 0x00000000f1c00000, 0x0000000100000000)
  eden space 177664K, 0% used [0x00000000d6500000,0x00000000d6500000,0x00000000e1280000)
  from space 68608K, 99% used [0x00000000e1280000,0x00000000e5579838,0x00000000e5580000)
  to   space 81920K, 0% used [0x00000000ecc00000,0x00000000ecc00000,0x00000000f1c00000)
 ParOldGen       total 189440K, used 115320K [0x0000000082e00000, 0x000000008e700000, 0x00000000d6500000)
  object space 189440K, 60% used [0x0000000082e00000,0x0000000089e9e0f0,0x000000008e700000)
 Metaspace       used 12673K, capacity 12776K, committed 13056K, reserved 1060864K
  class space    used 1453K, capacity 1496K, committed 1536K, reserved 1048576K
}

