# JRE version: Java(TM) SE Runtime Environment (8.0_25-b17) (build 1.8.0_25-b17)
# Java VM: Java HotSpot(TM) 64-Bit Server VM (25.25-b02 mixed mode linux-amd64 compressed oops)
Heap:
 PSYoungGen      total 243712K, used 106065K [0x00000000d6500000, 0x00000000f1400000, 0x0000000100000000)
  eden space 175616K, 24% used [0x00000000d6500000,0x00000000d8e297c8,0x00000000e1080000)
  from space 68096K, 93% used [0x00000000e1080000,0x00000000e4eeae50,0x00000000e5300000)
  to   space 78848K, 0% used [0x00000000ec700000,0x00000000ec700000,0x00000000f1400000)
 ParOldGen       total 189952K, used 115420K [0x0000000082e00000, 0x000000008e780000, 0x00000000d6500000)
  object space 189952K, 60% used [0x0000000082e00000,0x0000000089eb7038,0x000000008e780000)
 Metaspace       used 12614K, capacity 12744K, committed 13056K, reserved 1060864K
  class space    used 1437K, capacity 1464K, committed 1536K, reserved 1048576K
GC Heap History (10 events):
Event: 16.002 GC heap before
{Heap before GC invocations=4 (full 1):
 PSYoungGen      total 70656K, used 5088K [0x00000000d6500000, 0x00000000def00000, 0x0000000100000000)
  eden space 65536K, 0% used [0x00000000d6500000,0x00000000d6500000,0x00000000da500000)
  from space 5120K, 99% used [0x00000000da500000,0x00000000da9f82b0,0x00000000daa00000)
  to   space 5120K, 0% used [0x00000000dea00000,0x00000000dea00000,0x00000000def00000)
 ParOldGen       total 98304K, used 97799K [0x0000000082e00000, 0x0000000088e00000, 0x00000000d6500000)
  object space 98304K, 99% used [0x0000000082e00000,0x0000000088d81d88,0x0000000088e00000)
 Metaspace       used 5312K, capacity 5344K, committed 5504K, reserved 1056768K
  class space    used 581K, capacity 592K, committed 640K, reserved 1048576K
Event: 16.552 GC heap after
Heap after GC invocations=4 (full 1):
 PSYoungGen      total 70656K, used 5066K [0x00000000d6500000, 0x00000000def00000, 0x0000000100000000)
  eden space 65536K, 0% used [0x00000000d6500000,0x00000000d6500000,0x00000000da500000)
  from space 5120K, 98% used [0x00000000da500000,0x00000000da9f29b0,0x00000000daa00000)
  to   space 5120K, 0% used [0x00000000dea00000,0x00000000dea00000,0x00000000def00000)
 ParOldGen       total 189952K, used 96367K [0x0000000082e00000, 0x000000008e780000, 0x00000000d6500000)
  object space 189952K, 50% used [0x0000000082e00000,0x0000000088c1bfd8,0x000000008e780000)
 Metaspace       used 5312K, capacity 5344K, committed 5504K, reserved 1056768K
  class space    used 581K, capacity 592K, committed 640K, reserved 1048576K
}
Event: 17.046 GC heap before
{Heap before GC invocations=5 (full 1):
 PSYoungGen      total 70656K, used 70602K [0x00000000d6500000, 0x00000000def00000, 0x0000000100000000)
  eden space 65536K, 100% used [0x00000000d6500000,0x00000000da500000,0x00000000da500000)
  from space 5120K, 98% used [0x00000000da500000,0x00000000da9f29b0,0x00000000daa00000)
  to   space 5120K, 0% used [0x00000000dea00000,0x00000000dea00000,0x00000000def00000)
 ParOldGen       total 189952K, used 96367K [0x0000000082e00000, 0x000000008e780000, 0x00000000d6500000)
  object space 189952K, 50% used [0x0000000082e00000,0x0000000088c1bfd8,0x000000008e780000)
 Metaspace       used 5316K, capacity 5344K, committed 5504K, reserved 1056768K
  class space    used 581K, capacity 592K, committed 640K, reserved 1048576K
Event: 17.092 GC heap after
Heap after GC invocations=5 (full 1):
 PSYoungGen      total 115712K, used 5115K [0x00000000d6500000, 0x00000000def00000, 0x0000000100000000)
  eden space 110592K, 0% used [0x00000000d6500000,0x00000000d6500000,0x00000000dd100000)
  from space 5120K, 99% used [0x00000000dea00000,0x00000000deefee20,0x00000000def00000)
  to   space 5120K, 0% used [0x00000000de500000,0x00000000de500000,0x00000000dea00000)
 ParOldGen       total 189952K, used 102375K [0x0000000082e00000, 0x000000008e780000, 0x00000000d6500000)
  object space 189952K, 53% used [0x0000000082e00000,0x00000000891f9fd8,0x000000008e780000)
 Metaspace       used 5316K, capacity 5344K, committed 5504K, reserved 1056768K
  class space    used 581K, capacity 592K, committed 640K, reserved 1048576K
}
Event: 17.888 GC heap before
{Heap before GC invocations=6 (full 1):
 PSYoungGen      total 115712K, used 115707K [0x00000000d6500000, 0x00000000def00000, 0x0000000100000000)
  eden space 110592K, 100% used [0x00000000d6500000,0x00000000dd100000,0x00000000dd100000)
  from space 5120K, 99% used [0x00000000dea00000,0x00000000deefee20,0x00000000def00000)
  to   space 5120K, 0% used [0x00000000de500000,0x00000000de500000,0x00000000dea00000)
 ParOldGen       total 189952K, used 102375K [0x0000000082e00000, 0x000000008e780000, 0x00000000d6500000)
  object space 189952K, 53% used [0x0000000082e00000,0x00000000891f9fd8,0x000000008e780000)
 Metaspace       used 5316K, capacity 5344K, committed 5504K, reserved 1056768K
  class space    used 581K, capacity 592K, committed 640K, reserved 1048576K
Event: 17.938 GC heap after
Heap after GC invocations=6 (full 1):
 PSYoungGen      total 136192K, used 5096K [0x00000000d6500000, 0x00000000e8b80000, 0x0000000100000000)
  eden space 131072K, 0% used [0x00000000d6500000,0x00000000d6500000,0x00000000de500000)
  from space 5120K, 99% used [0x00000000de500000,0x00000000de9fa250,0x00000000dea00000)
  to   space 57856K, 0% used [0x00000000e5300000,0x00000000e5300000,0x00000000e8b80000)
 ParOldGen       total 189952K, used 114599K [0x0000000082e00000, 0x000000008e780000, 0x00000000d6500000)
  object space 189952K, 60% used [0x0000000082e00000,0x0000000089de9fd8,0x000000008e780000)
 Metaspace       used 5316K, capacity 5344K, committed 5504K, reserved 1056768K
  class space    used 581K, capacity 592K, committed 640K, reserved 1048576K
}
Event: 20.049 GC heap before
{Heap before GC invocations=7 (full 1):
 PSYoungGen      total 136192K, used 136168K [0x00000000d6500000, 0x00000000e8b80000, 0x0000000100000000)
  eden space 131072K, 100% used [0x00000000d6500000,0x00000000de500000,0x00000000de500000)
  from space 5120K, 99% used [0x00000000de500000,0x00000000de9fa250,0x00000000dea00000)
  to   space 57856K, 0% used [0x00000000e5300000,0x00000000e5300000,0x00000000e8b80000)
 ParOldGen       total 189952K, used 114599K [0x0000000082e00000, 0x000000008e780000, 0x00000000d6500000)
  object space 189952K, 60% used [0x0000000082e00000,0x0000000089de9fd8,0x000000008e780000)
 Metaspace       used 5522K, capacity 5580K, committed 5760K, reserved 1056768K
  class space    used 604K, capacity 624K, committed 640K, reserved 1048576K
Event: 20.211 GC heap after
Heap after GC invocations=7 (full 1):
 PSYoungGen      total 233472K, used 54598K [0x00000000d6500000, 0x00000000ec100000, 0x0000000100000000)
  eden space 175616K, 0% used [0x00000000d6500000,0x00000000d6500000,0x00000000e1080000)
  from space 57856K, 94% used [0x00000000e5300000,0x00000000e88519a8,0x00000000e8b80000)
  to   space 68096K, 0% used [0x00000000e1080000,0x00000000e1080000,0x00000000e5300000)
 ParOldGen       total 189952K, used 114599K [0x0000000082e00000, 0x000000008e780000, 0x00000000d6500000)
  object space 189952K, 60% used [0x0000000082e00000,0x0000000089de9fd8,0x000000008e780000)
 Metaspace       used 5522K, capacity 5580K, committed 5760K, reserved 1056768K
  class space    used 604K, capacity 624K, committed 640K, reserved 1048576K
}
Event: 70.204 GC heap before
{Heap before GC invocations=8 (full 1):
 PSYoungGen      total 233472K, used 230214K [0x00000000d6500000, 0x00000000ec100000, 0x0000000100000000)
  eden space 175616K, 100% used [0x00000000d6500000,0x00000000e1080000,0x00000000e1080000)
  from space 57856K, 94% used [0x00000000e5300000,0x00000000e88519a8,0x00000000e8b80000)
  to   space 68096K, 0% used [0x00000000e1080000,0x00000000e1080000,0x00000000e5300000)
 ParOldGen       total 189952K, used 114599K [0x0000000082e00000, 0x000000008e780000, 0x00000000d6500000)
  object space 189952K, 60% used [0x0000000082e00000,0x0000000089de9fd8,0x000000008e780000)
 Metaspace       used 12541K, capacity 12680K, committed 12800K, reserved 1060864K
  class space    used 1437K, capacity 1464K, committed 1536K, reserved 1048576K
Event: 70.338 GC heap after
Heap after GC invocations=8 (full 1):
 PSYoungGen      total 243712K, used 63915K [0x00000000d6500000, 0x00000000f1400000, 0x0000000100000000)
  eden space 175616K, 0% used [0x00000000d6500000,0x00000000d6500000,0x00000000e1080000)
  from space 68096K, 93% used [0x00000000e1080000,0x00000000e4eeae50,0x00000000e5300000)
  to   space 78848K, 0% used [0x00000000ec700000,0x00000000ec700000,0x00000000f1400000)
 ParOldGen       total 189952K, used 115420K [0x0000000082e00000, 0x000000008e780000, 0x00000000d6500000)
  object space 189952K, 60% used [0x0000000082e00000,0x0000000089eb7038,0x000000008e780000)
 Metaspace       used 12541K, capacity 12680K, committed 12800K, reserved 1060864K
  class space    used 1437K, capacity 1464K, committed 1536K, reserved 1048576K
}

