# JRE version: Java(TM) SE Runtime Environment (8.0_25-b17) (build 1.8.0_25-b17)
# Java VM: Java HotSpot(TM) 64-Bit Server VM (25.25-b02 mixed mode linux-amd64 compressed oops)
Heap:
 PSYoungGen      total 276480K, used 257872K [0x00000000d6500000, 0x00000000f7f00000, 0x0000000100000000)
  eden space 262144K, 95% used [0x00000000d6500000,0x00000000e5a3e9e0,0x00000000e6500000)
  from space 14336K, 47% used [0x00000000e6500000,0x00000000e6b957f8,0x00000000e7300000)
  to   space 13312K, 0% used [0x00000000f7200000,0x00000000f7200000,0x00000000f7f00000)
 ParOldGen       total 86016K, used 15879K [0x0000000082e00000, 0x0000000088200000, 0x00000000d6500000)
  object space 86016K, 18% used [0x0000000082e00000,0x0000000083d81f48,0x0000000088200000)
 Metaspace       used 4402K, capacity 5242K, committed 5504K, reserved 1056768K
  class space    used 507K, capacity 533K, committed 640K, reserved 1048576K
GC Heap History (10 events):
Event: 0.744 GC heap before
{Heap before GC invocations=3 (full 0):
 PSYoungGen      total 70656K, used 70645K [0x00000000d6500000, 0x00000000daf00000, 0x0000000100000000)
  eden space 65536K, 100% used [0x00000000d6500000,0x00000000da500000,0x00000000da500000)
  from space 5120K, 99% used [0x00000000daa00000,0x00000000daefd7c0,0x00000000daf00000)
  to   space 5120K, 0% used [0x00000000da500000,0x00000000da500000,0x00000000daa00000)
 ParOldGen       total 86016K, used 6251K [0x0000000082e00000, 0x0000000088200000, 0x00000000d6500000)
  object space 86016K, 7% used [0x0000000082e00000,0x000000008341ae88,0x0000000088200000)
 Metaspace       used 4352K, capacity 5178K, committed 5504K, reserved 1056768K
  class space    used 501K, capacity 533K, committed 640K, reserved 1048576K
Event: 0.779 GC heap after
Heap after GC invocations=3 (full 0):
 PSYoungGen      total 70656K, used 5089K [0x00000000d6500000, 0x00000000def00000, 0x0000000100000000)
  eden space 65536K, 0% used [0x00000000d6500000,0x00000000d6500000,0x00000000da500000)
  from space 5120K, 99% used [0x00000000da500000,0x00000000da9f8528,0x00000000daa00000)
  to   space 5120K, 0% used [0x00000000dea00000,0x00000000dea00000,0x00000000def00000)
 ParOldGen       total 86016K, used 13747K [0x0000000082e00000, 0x0000000088200000, 0x00000000d6500000)
  object space 86016K, 15% used [0x0000000082e00000,0x0000000083b6ce88,0x0000000088200000)
 Metaspace       used 4352K, capacity 5178K, committed 5504K, reserved 1056768K
  class space    used 501K, capacity 533K, committed 640K, reserved 1048576K
}
Event: 0.866 GC heap before
{Heap before GC invocations=4 (full 0):
 PSYoungGen      total 70656K, used 70625K [0x00000000d6500000, 0x00000000def00000, 0x0000000100000000)
  eden space 65536K, 100% used [0x00000000d6500000,0x00000000da500000,0x00000000da500000)
  from space 5120K, 99% used [0x00000000da500000,0x00000000da9f8528,0x00000000daa00000)
  to   space 5120K, 0% used [0x00000000dea00000,0x00000000dea00000,0x00000000def00000)
 ParOldGen       total 86016K, used 13747K [0x0000000082e00000, 0x0000000088200000, 0x00000000d6500000)
  object space 86016K, 15% used [0x0000000082e00000,0x0000000083b6ce88,0x0000000088200000)
 Metaspace       used 4354K, capacity 5242K, committed 5504K, reserved 1056768K
  class space    used 501K, capacity 533K, committed 640K, reserved 1048576K
Event: 0.883 GC heap after
Heap after GC invocations=4 (full 0):
 PSYoungGen      total 136192K, used 5117K [0x00000000d6500000, 0x00000000def00000, 0x0000000100000000)
  eden space 131072K, 0% used [0x00000000d6500000,0x00000000d6500000,0x00000000de500000)
  from space 5120K, 99% used [0x00000000dea00000,0x00000000deeff478,0x00000000def00000)
  to   space 5120K, 0% used [0x00000000de500000,0x00000000de500000,0x00000000dea00000)
 ParOldGen       total 86016K, used 14315K [0x0000000082e00000, 0x0000000088200000, 0x00000000d6500000)
  object space 86016K, 16% used [0x0000000082e00000,0x0000000083bfae88,0x0000000088200000)
 Metaspace       used 4354K, capacity 5242K, committed 5504K, reserved 1056768K
  class space    used 501K, capacity 533K, committed 640K, reserved 1048576K
}
Event: 1.046 GC heap before
{Heap before GC invocations=5 (full 0):
 PSYoungGen      total 136192K, used 136189K [0x00000000d6500000, 0x00000000def00000, 0x0000000100000000)
  eden space 131072K, 100% used [0x00000000d6500000,0x00000000de500000,0x00000000de500000)
  from space 5120K, 99% used [0x00000000dea00000,0x00000000deeff478,0x00000000def00000)
  to   space 5120K, 0% used [0x00000000de500000,0x00000000de500000,0x00000000dea00000)
 ParOldGen       total 86016K, used 14315K [0x0000000082e00000, 0x0000000088200000, 0x00000000d6500000)
  object space 86016K, 16% used [0x0000000082e00000,0x0000000083bfae88,0x0000000088200000)
 Metaspace       used 4358K, capacity 5242K, committed 5504K, reserved 1056768K
  class space    used 502K, capacity 533K, committed 640K, reserved 1048576K
Event: 1.059 GC heap after
Heap after GC invocations=5 (full 0):
 PSYoungGen      total 136192K, used 5111K [0x00000000d6500000, 0x00000000e8200000, 0x0000000100000000)
  eden space 131072K, 0% used [0x00000000d6500000,0x00000000d6500000,0x00000000de500000)
  from space 5120K, 99% used [0x00000000de500000,0x00000000de9fdd58,0x00000000dea00000)
  to   space 14848K, 0% used [0x00000000e7380000,0x00000000e7380000,0x00000000e8200000)
 ParOldGen       total 86016K, used 15059K [0x0000000082e00000, 0x0000000088200000, 0x00000000d6500000)
  object space 86016K, 17% used [0x0000000082e00000,0x0000000083cb4e88,0x0000000088200000)
 Metaspace       used 4358K, capacity 5242K, committed 5504K, reserved 1056768K
  class space    used 502K, capacity 533K, committed 640K, reserved 1048576K
}
Event: 1.157 GC heap before
{Heap before GC invocations=6 (full 0):
 PSYoungGen      total 136192K, used 136183K [0x00000000d6500000, 0x00000000e8200000, 0x0000000100000000)
  eden space 131072K, 100% used [0x00000000d6500000,0x00000000de500000,0x00000000de500000)
  from space 5120K, 99% used [0x00000000de500000,0x00000000de9fdd58,0x00000000dea00000)
  to   space 14848K, 0% used [0x00000000e7380000,0x00000000e7380000,0x00000000e8200000)
 ParOldGen       total 86016K, used 15059K [0x0000000082e00000, 0x0000000088200000, 0x00000000d6500000)
  object space 86016K, 17% used [0x0000000082e00000,0x0000000083cb4e88,0x0000000088200000)
 Metaspace       used 4358K, capacity 5242K, committed 5504K, reserved 1056768K
  class space    used 502K, capacity 533K, committed 640K, reserved 1048576K
Event: 1.171 GC heap after
Heap after GC invocations=6 (full 0):
 PSYoungGen      total 275968K, used 5996K [0x00000000d6500000, 0x00000000e8100000, 0x0000000100000000)
  eden space 262144K, 0% used [0x00000000d6500000,0x00000000d6500000,0x00000000e6500000)
  from space 13824K, 43% used [0x00000000e7380000,0x00000000e795b190,0x00000000e8100000)
  to   space 14336K, 0% used [0x00000000e6500000,0x00000000e6500000,0x00000000e7300000)
 ParOldGen       total 86016K, used 15059K [0x0000000082e00000, 0x0000000088200000, 0x00000000d6500000)
  object space 86016K, 17% used [0x0000000082e00000,0x0000000083cb4e88,0x0000000088200000)
 Metaspace       used 4358K, capacity 5242K, committed 5504K, reserved 1056768K
  class space    used 502K, capacity 533K, committed 640K, reserved 1048576K
}
Event: 1.427 GC heap before
{Heap before GC invocations=7 (full 0):
 PSYoungGen      total 275968K, used 268140K [0x00000000d6500000, 0x00000000e8100000, 0x0000000100000000)
  eden space 262144K, 100% used [0x00000000d6500000,0x00000000e6500000,0x00000000e6500000)
  from space 13824K, 43% used [0x00000000e7380000,0x00000000e795b190,0x00000000e8100000)
  to   space 14336K, 0% used [0x00000000e6500000,0x00000000e6500000,0x00000000e7300000)
 ParOldGen       total 86016K, used 15059K [0x0000000082e00000, 0x0000000088200000, 0x00000000d6500000)
  object space 86016K, 17% used [0x0000000082e00000,0x0000000083cb4e88,0x0000000088200000)
 Metaspace       used 4358K, capacity 5242K, committed 5504K, reserved 1056768K
  class space    used 502K, capacity 533K, committed 640K, reserved 1048576K
Event: 1.441 GC heap after
Heap after GC invocations=7 (full 0):
 PSYoungGen      total 276480K, used 6741K [0x00000000d6500000, 0x00000000f7f00000, 0x0000000100000000)
  eden space 262144K, 0% used [0x00000000d6500000,0x00000000d6500000,0x00000000e6500000)
  from space 14336K, 47% used [0x00000000e6500000,0x00000000e6b957f8,0x00000000e7300000)
  to   space 13312K, 0% used [0x00000000f7200000,0x00000000f7200000,0x00000000f7f00000)
 ParOldGen       total 86016K, used 15879K [0x0000000082e00000, 0x0000000088200000, 0x00000000d6500000)
  object space 86016K, 18% used [0x0000000082e00000,0x0000000083d81f48,0x0000000088200000)
 Metaspace       used 4358K, capacity 5242K, committed 5504K, reserved 1056768K
  class space    used 502K, capacity 533K, committed 640K, reserved 1048576K
}

